Started GET "/" for 127.0.0.1 at 2019-11-11 09:14:59 -0800
Processing by StaticPagesController#root as HTML
Completed 500 Internal Server Error in 972ms
  
ActiveRecord::AdapterNotSpecified ('RAILS_ENV=production' database is not configured. Available: ["default", "development", "test", "production"]):
  
activerecord (5.2.1) lib/active_record/connection_adapters/connection_specification.rb:260:in `resolve_symbol_connection'
activerecord (5.2.1) lib/active_record/connection_adapters/connection_specification.rb:241:in `resolve_connection'
activerecord (5.2.1) lib/active_record/connection_adapters/connection_specification.rb:143:in `resolve'
activerecord (5.2.1) lib/active_record/connection_handling.rb:57:in `establish_connection'
activerecord (5.2.1) lib/active_record/railtie.rb:136:in `block (2 levels) in <class:Railtie>'
activesupport (5.2.1) lib/active_support/lazy_load_hooks.rb:71:in `instance_eval'
activesupport (5.2.1) lib/active_support/lazy_load_hooks.rb:71:in `block in execute_hook'
activesupport (5.2.1) lib/active_support/lazy_load_hooks.rb:62:in `with_execution_control'
activesupport (5.2.1) lib/active_support/lazy_load_hooks.rb:67:in `execute_hook'
activesupport (5.2.1) lib/active_support/lazy_load_hooks.rb:52:in `block in run_load_hooks'
activesupport (5.2.1) lib/active_support/lazy_load_hooks.rb:51:in `each'
activesupport (5.2.1) lib/active_support/lazy_load_hooks.rb:51:in `run_load_hooks'
activerecord (5.2.1) lib/active_record/base.rb:328:in `<module:ActiveRecord>'
activerecord (5.2.1) lib/active_record/base.rb:27:in `<top (required)>'
activesupport (5.2.1) lib/active_support/dependencies.rb:287:in `require'
activesupport (5.2.1) lib/active_support/dependencies.rb:287:in `block in require'
activesupport (5.2.1) lib/active_support/dependencies.rb:253:in `load_dependency'
activesupport (5.2.1) lib/active_support/dependencies.rb:287:in `require'
activerecord (5.2.1) lib/active_record/railties/controller_runtime.rb:28:in `cleanup_view_runtime'
actionpack (5.2.1) lib/action_controller/metal/instrumentation.rb:45:in `render'
actionpack (5.2.1) lib/action_controller/metal/implicit_render.rb:35:in `default_render'
actionpack (5.2.1) lib/action_controller/metal/basic_implicit_render.rb:6:in `block in send_action'
actionpack (5.2.1) lib/action_controller/metal/basic_implicit_render.rb:6:in `tap'
actionpack (5.2.1) lib/action_controller/metal/basic_implicit_render.rb:6:in `send_action'
actionpack (5.2.1) lib/abstract_controller/base.rb:194:in `process_action'
actionpack (5.2.1) lib/action_controller/metal/rendering.rb:30:in `process_action'
actionpack (5.2.1) lib/abstract_controller/callbacks.rb:42:in `block in process_action'
activesupport (5.2.1) lib/active_support/callbacks.rb:132:in `run_callbacks'
actionpack (5.2.1) lib/abstract_controller/callbacks.rb:41:in `process_action'
actionpack (5.2.1) lib/action_controller/metal/rescue.rb:22:in `process_action'
actionpack (5.2.1) lib/action_controller/metal/instrumentation.rb:34:in `block in process_action'
activesupport (5.2.1) lib/active_support/notifications.rb:168:in `block in instrument'
activesupport (5.2.1) lib/active_support/notifications/instrumenter.rb:23:in `instrument'
activesupport (5.2.1) lib/active_support/notifications.rb:168:in `instrument'
actionpack (5.2.1) lib/action_controller/metal/instrumentation.rb:32:in `process_action'
actionpack (5.2.1) lib/action_controller/metal/params_wrapper.rb:256:in `process_action'
activerecord (5.2.1) lib/active_record/railties/controller_runtime.rb:24:in `process_action'
actionpack (5.2.1) lib/abstract_controller/base.rb:134:in `process'
actionview (5.2.1) lib/action_view/rendering.rb:32:in `process'
actionpack (5.2.1) lib/action_controller/metal.rb:191:in `dispatch'
actionpack (5.2.1) lib/action_controller/metal.rb:252:in `dispatch'
actionpack (5.2.1) lib/action_dispatch/routing/route_set.rb:52:in `dispatch'
actionpack (5.2.1) lib/action_dispatch/routing/route_set.rb:34:in `serve'
actionpack (5.2.1) lib/action_dispatch/journey/router.rb:52:in `block in serve'
actionpack (5.2.1) lib/action_dispatch/journey/router.rb:35:in `each'
actionpack (5.2.1) lib/action_dispatch/journey/router.rb:35:in `serve'
actionpack (5.2.1) lib/action_dispatch/routing/route_set.rb:840:in `call'
rack (2.0.5) lib/rack/tempfile_reaper.rb:15:in `call'
rack (2.0.5) lib/rack/etag.rb:25:in `call'
rack (2.0.5) lib/rack/conditional_get.rb:25:in `call'
rack (2.0.5) lib/rack/head.rb:12:in `call'
actionpack (5.2.1) lib/action_dispatch/http/content_security_policy.rb:18:in `call'
rack (2.0.5) lib/rack/session/abstract/id.rb:232:in `context'
rack (2.0.5) lib/rack/session/abstract/id.rb:226:in `call'
actionpack (5.2.1) lib/action_dispatch/middleware/cookies.rb:670:in `call'
actionpack (5.2.1) lib/action_dispatch/middleware/callbacks.rb:28:in `block in call'
activesupport (5.2.1) lib/active_support/callbacks.rb:98:in `run_callbacks'
actionpack (5.2.1) lib/action_dispatch/middleware/callbacks.rb:26:in `call'
actionpack (5.2.1) lib/action_dispatch/middleware/executor.rb:14:in `call'
actionpack (5.2.1) lib/action_dispatch/middleware/debug_exceptions.rb:61:in `call'
actionpack (5.2.1) lib/action_dispatch/middleware/show_exceptions.rb:33:in `call'
railties (5.2.1) lib/rails/rack/logger.rb:38:in `call_app'
railties (5.2.1) lib/rails/rack/logger.rb:26:in `block in call'
activesupport (5.2.1) lib/active_support/tagged_logging.rb:71:in `block in tagged'
activesupport (5.2.1) lib/active_support/tagged_logging.rb:28:in `tagged'
activesupport (5.2.1) lib/active_support/tagged_logging.rb:71:in `tagged'
railties (5.2.1) lib/rails/rack/logger.rb:26:in `call'
actionpack (5.2.1) lib/action_dispatch/middleware/remote_ip.rb:81:in `call'
actionpack (5.2.1) lib/action_dispatch/middleware/request_id.rb:27:in `call'
rack (2.0.5) lib/rack/method_override.rb:22:in `call'
rack (2.0.5) lib/rack/runtime.rb:22:in `call'
activesupport (5.2.1) lib/active_support/cache/strategy/local_cache_middleware.rb:29:in `call'
actionpack (5.2.1) lib/action_dispatch/middleware/executor.rb:14:in `call'
actionpack (5.2.1) lib/action_dispatch/middleware/static.rb:127:in `call'
rack (2.0.5) lib/rack/sendfile.rb:111:in `call'
railties (5.2.1) lib/rails/engine.rb:524:in `call'
puma (3.12.0) lib/puma/configuration.rb:225:in `call'
puma (3.12.0) lib/puma/server.rb:658:in `handle_request'
puma (3.12.0) lib/puma/server.rb:472:in `process_client'
puma (3.12.0) lib/puma/server.rb:332:in `block in run'
puma (3.12.0) lib/puma/thread_pool.rb:133:in `block in spawn_thread'
Started GET "/" for 127.0.0.1 at 2019-11-11 09:15:04 -0800
Processing by StaticPagesController#root as HTML
  Rendering static_pages/root.html.erb within layouts/application
  Rendered static_pages/root.html.erb within layouts/application (13.0ms)
Started GET "/" for 127.0.0.1 at 2019-11-11 09:15:06 -0800
Processing by StaticPagesController#root as HTML
  Rendering static_pages/root.html.erb within layouts/application
  Rendered static_pages/root.html.erb within layouts/application (1.6ms)
Completed 200 OK in 8902ms (Views: 8897.7ms)
Completed 200 OK in 11134ms (Views: 11131.1ms)
Started GET "/assets/application-2ef3857f851e81dd36dae3b61b918f3525911495ad7b42ec50f5d78d357d61b9.css" for 127.0.0.1 at 2019-11-11 09:15:15 -0800
Started GET "/assets/application-bf5d885f792576b80c2f64003561913b6af731cee45b12a2b2697ddba09431ae.js" for 127.0.0.1 at 2019-11-11 09:15:15 -0800
Started GET "/api/benches?bounds%5BnorthEast%5D%5Blat%5D=37.80788593506562&bounds%5BnorthEast%5D%5Blng%5D=-122.38838165838104&bounds%5BsouthWest%5D%5Blat%5D=37.740042501412645&bounds%5BsouthWest%5D%5Blng%5D=-122.47421234161891&minSeating=1&maxSeating=10" for 127.0.0.1 at 2019-11-11 09:15:17 -0800
Processing by Api::BenchesController#index as JSON
  Parameters: {"bounds"=>{"northEast"=>{"lat"=>"37.80788593506562", "lng"=>"-122.38838165838104"}, "southWest"=>{"lat"=>"37.740042501412645", "lng"=>"-122.47421234161891"}}, "minSeating"=>"1", "maxSeating"=>"10"}
Completed 500 Internal Server Error in 173ms
  
NoMethodError (undefined method `has_one_attached' for Bench (call 'Bench.connection' to establish a connection):Class):
  
app/models/bench.rb:11:in `<class:Bench>'
app/models/bench.rb:1:in `<top (required)>'
app/controllers/api/benches_controller.rb:5:in `index'
Started GET "/" for 127.0.0.1 at 2019-11-11 09:15:21 -0800
Processing by StaticPagesController#root as HTML
  Rendering static_pages/root.html.erb within layouts/application
  Rendered static_pages/root.html.erb within layouts/application (1.2ms)
Completed 200 OK in 21ms (Views: 18.3ms)
Started GET "/assets/application-2ef3857f851e81dd36dae3b61b918f3525911495ad7b42ec50f5d78d357d61b9.css" for 127.0.0.1 at 2019-11-11 09:15:21 -0800
Started GET "/assets/application-bf5d885f792576b80c2f64003561913b6af731cee45b12a2b2697ddba09431ae.js" for 127.0.0.1 at 2019-11-11 09:15:21 -0800
Started GET "/api/benches?bounds%5BnorthEast%5D%5Blat%5D=37.80788593506562&bounds%5BnorthEast%5D%5Blng%5D=-122.38838165838104&bounds%5BsouthWest%5D%5Blat%5D=37.740042501412645&bounds%5BsouthWest%5D%5Blng%5D=-122.47421234161891&minSeating=1&maxSeating=10" for 127.0.0.1 at 2019-11-11 09:15:22 -0800
Processing by Api::BenchesController#index as JSON
  Parameters: {"bounds"=>{"northEast"=>{"lat"=>"37.80788593506562", "lng"=>"-122.38838165838104"}, "southWest"=>{"lat"=>"37.740042501412645", "lng"=>"-122.47421234161891"}}, "minSeating"=>"1", "maxSeating"=>"10"}
Completed 500 Internal Server Error in 42ms
  
NoMethodError (undefined method `has_one_attached' for Bench (call 'Bench.connection' to establish a connection):Class):
  
app/models/bench.rb:11:in `<class:Bench>'
app/models/bench.rb:1:in `<top (required)>'
app/controllers/api/benches_controller.rb:5:in `index'
Started GET "/assets/favicon-8fd7ee6bb65f8aed17052be24b02474b65f66e0dfc13978cebf6c005ffb9851d.png" for 127.0.0.1 at 2019-11-11 09:15:22 -0800
Started GET "/" for 127.0.0.1 at 2019-11-11 09:15:23 -0800
Processing by StaticPagesController#root as HTML
  Rendering static_pages/root.html.erb within layouts/application
  Rendered static_pages/root.html.erb within layouts/application (1.3ms)
Completed 200 OK in 27ms (Views: 22.6ms)
Started GET "/assets/application-2ef3857f851e81dd36dae3b61b918f3525911495ad7b42ec50f5d78d357d61b9.css" for 127.0.0.1 at 2019-11-11 09:15:23 -0800
Started GET "/assets/application-bf5d885f792576b80c2f64003561913b6af731cee45b12a2b2697ddba09431ae.js" for 127.0.0.1 at 2019-11-11 09:15:23 -0800
Started GET "/api/benches?bounds%5BnorthEast%5D%5Blat%5D=37.80788593506562&bounds%5BnorthEast%5D%5Blng%5D=-122.38838165838104&bounds%5BsouthWest%5D%5Blat%5D=37.740042501412645&bounds%5BsouthWest%5D%5Blng%5D=-122.47421234161891&minSeating=1&maxSeating=10" for 127.0.0.1 at 2019-11-11 09:15:24 -0800
Processing by Api::BenchesController#index as JSON
  Parameters: {"bounds"=>{"northEast"=>{"lat"=>"37.80788593506562", "lng"=>"-122.38838165838104"}, "southWest"=>{"lat"=>"37.740042501412645", "lng"=>"-122.47421234161891"}}, "minSeating"=>"1", "maxSeating"=>"10"}
Completed 500 Internal Server Error in 44ms
  
NoMethodError (undefined method `has_one_attached' for Bench (call 'Bench.connection' to establish a connection):Class):
  
app/models/bench.rb:11:in `<class:Bench>'
app/models/bench.rb:1:in `<top (required)>'
app/controllers/api/benches_controller.rb:5:in `index'
Started GET "/assets/favicon-8fd7ee6bb65f8aed17052be24b02474b65f66e0dfc13978cebf6c005ffb9851d.png" for 127.0.0.1 at 2019-11-11 09:15:24 -0800
